{"guid":"bdda57e4ab79059a","level":"info","message":"login"}
{"guid":"aee30e417e5e79f6","level":"info","message":"login"}
{"guid":"b68b269b2e40ec89","level":"info","message":"login"}
{"guid":"244998f9241e9097","level":"info","message":"login"}
{"guid":"8b670d6957ac6245","level":"info","message":"login"}
{"guid":"a6b077a5ef7826a0","level":"info","message":"login"}
{"guid":"69638f016ace1af5","level":"info","message":"login"}
{"guid":"bedaa01e9f187824","level":"info","message":"login"}
{"guid":"d95a9c3c0a9c74e0","level":"info","message":"login"}
{"guid":"cabb571cbe16879c","level":"info","message":"login"}
{"guid":"614498e9e64f0255","level":"info","message":"login"}
{"guid":"ab7f0d224bb5eee2","level":"info","message":"login"}
{"guid":"90219d3814f8417c","level":"info","message":"login"}
{"guid":"628f029866eb092a","level":"info","message":"login"}
{"guid":"c25e7e5cdc09acca","level":"info","message":"login"}
{"guid":"0d4e01d31a218081","level":"info","message":"login"}
{"guid":"126df82abcf372a5","level":"info","message":"login"}
{"guid":"da64f58c409b621a","level":"info","message":"login"}
{"guid":"2f80c03b99cefd14","level":"info","message":"login"}
{"guid":"8ec37218e8e44262","level":"info","message":"login"}
{"guid":"b3d20c2f04942e4e","level":"info","message":"login"}
{"guid":"55305c4ccaf2aa08","level":"info","message":"login"}
{"guid":"be2b4f6b9ef2a7b4","level":"info","message":"login"}
{"guid":"0c37f55c8a53ef5d","level":"info","message":"login"}
{"guid":"d3449f8a1850b339","level":"info","message":"login"}
{"guid":"87fcc0302940fe96","level":"info","message":"login"}
{"guid":"c3679504362dd9d5","level":"info","message":"login"}
{"guid":"ef85c85468a13f17","level":"info","message":"login"}
{"guid":"98d28ba7e475323f","level":"info","message":"login"}
{"guid":"b38e8b39301cbeb5","level":"info","message":"login"}
{"guid":"75342ba5d0adbc29","level":"info","message":"login"}
{"guid":"49e1a0ca039dc714","level":"info","message":"login"}
{"guid":"c5eff2896fa11838","level":"info","message":"login"}
{"guid":"6b4e97e6cf524fcd","level":"info","message":"login"}
{"guid":"e8a857863e33f862","level":"info","message":"login"}
{"guid":"3fb59ce06ad65617","level":"info","message":"login"}
{"guid":"bbca97c332c4cb91","level":"info","message":"login"}
{"guid":"1b760c585019d242","level":"info","message":"login"}
{"guid":"bf60d03b217090d0","level":"info","message":"login"}
{"guid":"fa44a25ae7ee38a2","level":"info","message":"login"}
{"guid":"34ab52ea1b7e0cea","level":"info","message":"login"}
{"guid":"69242061261dbf55","level":"info","message":"login"}
{"guid":"f797fbad06dc2931","level":"info","message":"login"}
{"guid":"c0cdb1d80d4ff462","level":"info","message":"login"}
{"guid":"57d6c56bcde1d635","level":"info","message":"login"}
{"guid":"57a0d0b52eafdd26","level":"info","message":"login"}
{"guid":"aa387d6abf801148","level":"info","message":"login"}
{"guid":"6c4575263acd22a8","level":"info","message":"login"}
{"guid":"846b8f0c74fdbbb7","level":"info","message":"login"}
{"guid":"03c6571cc364cc0c","level":"info","message":"login"}
{"guid":"eae446fc7b81bbd3","level":"info","message":"login"}
{"guid":"fa1f1cf2b39d64e4","level":"info","message":"login"}
{"guid":"ee8f5c484f5bc515","level":"info","message":"login"}
{"guid":"11750fbba480f9b7","level":"info","message":"login"}
{"guid":"530745411285bac4","level":"info","message":"login"}
{"guid":"37bee2779326c2d0","level":"info","message":"login"}
{"guid":"eab3ee217064fe19","level":"info","message":"login"}
{"guid":"9169db3389d1ec36","level":"info","message":"login"}
{"guid":"a6f8583da81ba64d","level":"info","message":"login"}
{"guid":"413dc5923cab39c2","level":"info","message":"login"}
{"guid":"5fcf8c1bb2f31f92","level":"info","message":"login"}
{"guid":"4733df969f8f6b9a","level":"info","message":"login"}
{"guid":"d4be7bb7187a2a20","level":"info","message":"login"}
{"guid":"6eea69c9a7ad4943","level":"info","message":"login"}
{"guid":"b0474c2816de48b7","level":"info","message":"login"}
{"guid":"a62e74fd1cb6119e","level":"info","message":"login"}
{"guid":"6e7e9fc8c0669a1b","level":"info","message":"login"}
{"guid":"1612019039a0acf7","level":"info","message":"login"}
{"guid":"041c5b38c12f1888","level":"info","message":"login"}
{"guid":"01a9786f15d9f789","level":"info","message":"login"}
{"guid":"aedf531ed5c18f77","level":"info","message":"login"}
{"guid":"ef31221999105ae9","level":"info","message":"login"}
{"guid":"1883e0895f7b7fdb","level":"info","message":"login"}
{"guid":"c85124a01bfeb333","level":"info","message":"login"}
{"guid":"dca85568d668babe","level":"info","message":"login"}
{"guid":"c791be5b73298b6c","level":"info","message":"login"}
{"guid":"9c1c1b580485d48f","level":"info","message":"login"}
{"guid":"29036f56e1b386cd","level":"info","message":"login"}
{"guid":"c4c455d872494ae3","level":"info","message":"login"}
{"guid":"75a663c202b05531","level":"info","message":"login"}
{"guid":"65b12b0976720d82","level":"info","message":"login"}
{"guid":"ec7d754e970344c1","level":"info","message":"login"}
{"guid":"56c30398e9e92ede","level":"info","message":"login"}
{"guid":"73e32dbcaaa7ef8b","level":"info","message":"login"}
{"guid":"4f5cd7a1aab1561f","level":"info","message":"login"}
{"guid":"221d3e187e5619f8","level":"info","message":"login"}
{"guid":"19d3a943d59d9f59","level":"info","message":"login"}
{"guid":"81cc2a604728e209","level":"info","message":"login"}
{"guid":"f2c416db648dd922","level":"info","message":"login"}
{"guid":"31c501025ebb985e","level":"info","message":"login"}
{"guid":"7aa02b20b04649c1","level":"info","message":"login"}
{"guid":"a73669d46ceaa5b8","level":"info","message":"login"}
{"guid":"7e59e045183f219d","level":"info","message":"login"}
{"guid":"0dfd7560f8456eac","level":"info","message":"login"}
{"guid":"0dfd7560f8456eac","level":"info","message":"login"}
{"guid":"d390935e2dddd649","level":"info","message":"login"}
{"guid":"d8c0641869a1c2bb","level":"info","message":"login"}
{"guid":"200c2516f483e7a6","level":"info","message":"login"}
{"guid":"6a00978a3c27744f","level":"info","message":"login"}
{"guid":"7d8761ef00e2a8c7","level":"info","message":"login"}
{"guid":"23b12fc069f24dc8","level":"info","message":"login"}
{"guid":"530a72522034f656","level":"info","message":"login"}
{"guid":"71320a3b2f08eac4","level":"info","message":"login"}
{"guid":"101080c11daf2c64","level":"info","message":"login"}
{"guid":"ece9b9a58de64056","level":"info","message":"login"}
{"guid":"03f171e7ea3b6f4a","level":"info","message":"login"}
{"guid":"8dee95b2c470e74c","level":"info","message":"login"}
{"guid":"8a37a7c23f879295","level":"info","message":"login"}
{"guid":"2959acb1f63ce542","level":"info","message":"login"}
{"guid":"13e6130b3ada2022","level":"info","message":"login"}
{"guid":"63856464d451cf39","level":"info","message":"login"}
{"guid":"1ab1a78e2a3d5524","level":"info","message":"login"}
{"guid":"aed4cd952e3fd9e8","level":"info","message":"login"}
{"guid":"3b85235356231b49","level":"info","message":"login"}
{"guid":"3340eef45076ddc1","level":"info","message":"login"}
{"guid":"3bbec3f37af0d169","level":"info","message":"login"}
{"guid":"d92b5ed9625040bc","level":"info","message":"login"}
{"guid":"cddd3ab4e8f290fc","level":"info","message":"login"}
{"guid":"9235f69a5d54cd73","level":"info","message":"login"}
{"guid":"21ca543d698d046a","level":"info","message":"login"}
{"guid":"693d678dc62c4d6a","level":"info","message":"login"}
{"guid":"3d5a36f480643d45","level":"info","message":"login"}
{"guid":"e8dc60b083e6e0a0","level":"info","message":"login"}
{"guid":"e7cb3063b5862ffa","level":"info","message":"login"}
{"guid":"7d2fad04268323ef","level":"info","message":"login"}
{"guid":"0ff62e5d70f9ec81","level":"info","message":"login"}
{"guid":"145a2e226c8c5ed6","level":"info","message":"login"}
{"guid":"fcc1f7fe2c016c0f","level":"info","message":"login"}
{"guid":"7e0233d0eacf5d16","level":"info","message":"login"}
{"guid":"6377d424b1184b46","level":"info","message":"login"}
{"guid":"e73b4840b2ff9a6c","level":"info","message":"login"}
{"guid":"312733fa1b17df37","level":"info","message":"login"}
{"guid":"0a64d5a53d506c73","level":"info","message":"login"}
{"guid":"077995f5eebab94e","level":"info","message":"login"}
{"guid":"ebe7b4d57aa52b50","level":"info","message":"login"}
{"guid":"63e86f398d0b18fb","level":"info","message":"login"}
{"guid":"375b0a947bf9b36f","level":"info","message":"login"}
{"guid":"72dc6780086aed75","level":"info","message":"login"}
{"guid":"6fc4e0db945f0e76","level":"info","message":"login"}
{"guid":"fbf231c2eac315c7","level":"info","message":"login"}
{"guid":"e67ddbef34dfb763","level":"info","message":"login"}
{"guid":"e2ae7ce950992a6b","level":"info","message":"login"}
{"guid":"f1b7f20a60f5208b","level":"info","message":"login"}
{"guid":"96452f4c87b5a1d8","level":"info","message":"login"}
{"guid":"cc3fdd011332a82b","level":"info","message":"login"}
{"guid":"eb20bfdca5a44a7b","level":"info","message":"login"}
{"guid":"c3a36183164ab85a","level":"info","message":"login"}
{"guid":"c3a36183164ab85a","level":"info","message":"login"}
{"guid":"40a127627ae90b88","level":"info","message":"login"}
{"guid":"6c8168396917b1ad","level":"info","message":"login"}
{"guid":"15f5f307b88bde2d","level":"info","message":"login"}
{"guid":"648528d18e5058d2","level":"info","message":"login"}
{"guid":"c62fe8009f6ac501","level":"info","message":"login"}
{"guid":"af0e184bcb003b73","level":"info","message":"login"}
{"guid":"71330aafee26167b","level":"info","message":"login"}
{"guid":"b8bee9e8a993a79f","level":"info","message":"login"}
{"guid":"3005724cc5c049f9","level":"info","message":"login"}
{"guid":"1d4c50b5b13f5cfd","level":"info","message":"login"}
{"guid":"e9800b0c5c9e5850","level":"info","message":"login"}
{"guid":"54b89f6f1cdec885","level":"info","message":"login"}
{"guid":"87996a845a8d9163","level":"info","message":"login"}
{"guid":"f66b3b8664cae506","level":"info","message":"login"}
{"guid":"cc798cafcabbb2f7","level":"info","message":"login"}
{"guid":"d73e3c0ebfc87de8","level":"info","message":"login"}
{"guid":"a16fdc408ec4f5b5","level":"info","message":"login"}
{"guid":"cb2b2652c8fd928a","level":"info","message":"login"}
{"guid":"c304d6e45c877682","level":"info","message":"login"}
{"guid":"313e466197519ff5","level":"info","message":"login"}
{"guid":"78e1871b05c39ac0","level":"info","message":"login"}
{"guid":"90fbbe09e3e3e75f","level":"info","message":"login"}
{"guid":"8063401665943000","level":"info","message":"login"}
{"guid":"7f59bd92919b41ca","level":"info","message":"login"}
{"guid":"257a5f74ecc7ac4d","level":"info","message":"login"}
{"guid":"2fca25a11f87fec1","level":"info","message":"login"}
{"guid":"be988987e54f300a","level":"info","message":"login"}
{"guid":"758df30b7f1e1812","level":"info","message":"login"}
{"guid":"47b36892f103f141","level":"info","message":"login"}
{"guid":"091dfcd92ba5bec0","level":"info","message":"login"}
{"guid":"93b5e4cb2d6c2b5f","level":"info","message":"login"}
{"guid":"ab8b5fbe49d3c885","level":"info","message":"login"}
{"guid":"21ffae99960d27e5","level":"info","message":"login"}
{"guid":"9bc5b96367255315","level":"info","message":"login"}
{"guid":"27ef993d5c5c8c2e","level":"info","message":"login"}
{"guid":"ee3147233c3a0460","level":"info","message":"login"}
{"guid":"17daa3172b6aeb0d","level":"info","message":"login"}
{"guid":"ede6f1f621091c67","level":"info","message":"login"}
{"guid":"ba2fd4d89b174288","level":"info","message":"login"}
{"guid":"cbef01ac992604a3","level":"info","message":"login"}
{"guid":"27af4d786681d77e","level":"info","message":"login"}
{"guid":"455468dad8a99764","level":"info","message":"login"}
{"guid":"3757f2542f5004d3","level":"info","message":"login"}
{"guid":"c62a1533a998a3f5","level":"info","message":"login"}
{"guid":"4fa550cfc64d38bf","level":"info","message":"login"}
{"guid":"c868b960666c7a15","level":"info","message":"login"}
{"guid":"ef8a90c19c307066","level":"info","message":"login"}
{"guid":"4bd7d520d9a32193","level":"info","message":"login"}
{"guid":"27f03a269ed87aea","level":"info","message":"login"}
{"guid":"f2f92dee635194eb","level":"info","message":"login"}
{"guid":"369c0f4b022641db","level":"info","message":"login"}
{"guid":"9c92643587952bed","level":"info","message":"login"}
{"guid":"0d21323557b49c6b","level":"info","message":"login"}
{"guid":"7e7a4f925001df1c","level":"info","message":"login"}
{"guid":"f8749b0f59e23294","level":"info","message":"login"}
{"guid":"696ad45e0f23194b","level":"info","message":"login"}
{"guid":"300734b1be9568ef","level":"info","message":"login"}
{"guid":"b93c646720252233","level":"info","message":"login"}
{"guid":"d5696102d93940c8","level":"info","message":"login"}
{"guid":"e6234957ac3cc2e1","level":"info","message":"login"}
{"guid":"0d8aaa744497a205","level":"info","message":"login"}
{"guid":"05db74c3bd82f7bf","level":"info","message":"login"}
{"guid":"77784651434b97f2","level":"info","message":"login"}
{"guid":"d0a5ecfc7737456f","level":"info","message":"login"}
{"guid":"270b677f45832c4d","level":"info","message":"login"}
{"guid":"49ab4f1aff9869fb","level":"info","message":"login"}
{"guid":"f7aa6b1ca6d089c0","level":"info","message":"login"}
{"guid":"c4d620f2eaae9f53","level":"info","message":"login"}
{"guid":"541ddf7c94d9b1b1","level":"info","message":"login"}
{"guid":"0a1f75027931dd36","level":"info","message":"login"}
{"guid":"6805218d3d79870c","level":"info","message":"login"}
{"guid":"a544ccc898c94399","level":"info","message":"login"}
{"guid":"274089506f52b773","level":"info","message":"login"}
{"guid":"b768c214a86c1fe9","level":"info","message":"login"}
{"guid":"44e951359b37ca91","level":"info","message":"login"}
{"guid":"3274353636a1bb32","level":"info","message":"login"}
{"guid":"ba87c04df504f5dc","level":"info","message":"login"}
{"guid":"95dc1c5de7ed1d47","level":"info","message":"login"}
{"guid":"d9afde6b6db8cb1e","level":"info","message":"login"}
{"guid":"d5afe0e927ea06f1","level":"info","message":"login"}
{"guid":"fd3844bd6a853cf8","level":"info","message":"login"}
{"guid":"2ef001bd3e9fcae6","level":"info","message":"login"}
{"guid":"7e74b7187aef7d3d","level":"info","message":"login"}
{"guid":"dee40911fb4bb765","level":"info","message":"login"}
{"guid":"789868a094bd84d7","level":"info","message":"login"}
{"guid":"e711ad258c75c6fb","level":"info","message":"login"}
{"guid":"ead34ebbe730d320","level":"info","message":"login"}
{"guid":"757ada91ae5fe035","level":"info","message":"login"}
{"guid":"1b910604aba62dfd","level":"info","message":"login"}
{"guid":"2758cebcad070c8a","level":"info","message":"login"}
{"guid":"9f526f22c0f21f8f","level":"info","message":"login"}
{"guid":"aa972190557107c8","level":"info","message":"login"}
{"guid":"e24dd7b99418a55b","level":"info","message":"login"}
{"guid":"ba8d3e461e601fca","level":"info","message":"login"}
{"guid":"4c12902a195bf97c","level":"info","message":"login"}
{"guid":"e409aa97ea59e33d","level":"info","message":"login"}
{"guid":"3144ebf2b4247d6a","level":"info","message":"login"}
{"guid":"e69eb422ccde2ba5","level":"info","message":"login"}
{"guid":"7b6b8eaa3049e38a","level":"info","message":"login"}
{"guid":"4d4eb271313ffee7","level":"info","message":"login"}
{"guid":"ddb86046547151fd","level":"info","message":"login"}
{"guid":"ae66804af209c81a","level":"info","message":"login"}
{"guid":"29a36d56c55a7c27","level":"info","message":"login"}
{"guid":"90669fcf26ad00c1","level":"info","message":"login"}
{"guid":"67366b42f3bb782a","level":"info","message":"login"}
{"guid":"0347593a83c4ee6e","level":"info","message":"login"}
{"guid":"38a5d846b8fc1aa2","level":"info","message":"login"}
{"guid":"165388d0c825b027","level":"info","message":"login"}
{"guid":"6f2765331fd3a3d6","level":"info","message":"login"}
{"guid":"63adf6577f6996a3","level":"info","message":"login"}
{"guid":"71f145a36fede834","level":"info","message":"login"}
{"guid":"7e5e7c3fdc8eca43","level":"info","message":"login"}
{"guid":"5b399570e17a52ac","level":"info","message":"login"}
{"guid":"d2c8db3ae2e6487d","level":"info","message":"login"}
{"guid":"0d88bd637b737284","level":"info","message":"login"}
{"guid":"2f9d93807ce8e293","level":"info","message":"login"}
{"guid":"4ed3096f482c71a0","level":"info","message":"login"}
{"guid":"0e391aa4cc6620c3","level":"info","message":"login"}
{"guid":"b3c1bb1fd52afbf7","level":"info","message":"login"}
{"guid":"e86b1e17b5887639","level":"info","message":"login"}
{"guid":"45a1abf38507e2bd","level":"info","message":"login"}
{"guid":"41664152b6fb1584","level":"info","message":"login"}
{"guid":"9c6578a62eab2246","level":"info","message":"login"}
{"guid":"e8415dc98c87d44d","level":"info","message":"login"}
{"guid":"b74ae589a72e94f8","level":"info","message":"login"}
{"guid":"2f9283d46e8d82a5","level":"info","message":"login"}
{"guid":"bab7d36a42152e4f","level":"info","message":"login"}
{"guid":"6f557d741ef32e8a","level":"info","message":"login"}
{"guid":"8d0c00fb3460d4e3","level":"info","message":"login"}
{"guid":"3c1acf3216ff89b4","level":"info","message":"login"}
{"guid":"424eab7cf128509b","level":"info","message":"login"}
{"guid":"999c2519bdacdd5e","level":"info","message":"login"}
{"guid":"1c0219834a016eb9","level":"info","message":"login"}
{"guid":"a404aac480573f5b","level":"info","message":"login"}
{"guid":"4bb398746bacc5ac","level":"info","message":"login"}
{"guid":"b1d60aee4619ba78","level":"info","message":"login"}
{"guid":"328092dac37feb94","level":"info","message":"login"}
{"guid":"0460d6e330b5befc","level":"info","message":"login"}
{"guid":"d6ffaedd4aa149c8","level":"info","message":"login"}
{"guid":"64cb1dbf44ddc556","level":"info","message":"login"}
{"guid":"6b3e5c159f0a70dd","level":"info","message":"login"}
{"guid":"a6b06286ef57d413","level":"info","message":"login"}
{"guid":"f3a1415dc4c0331b","level":"info","message":"login"}
{"guid":"0c824c67935b8da3","level":"info","message":"login"}
{"guid":"ff0479ae2b2f2c50","level":"info","message":"login"}
{"guid":"396152308fe13df0","level":"info","message":"login"}
{"guid":"b0ea076fc001591b","level":"info","message":"login"}
{"guid":"f13f2a19cc0f589c","level":"info","message":"login"}
{"guid":"29cb71eb4ac0c024","level":"info","message":"login"}
{"guid":"9ff85cb80e720eb3","level":"info","message":"login"}
{"guid":"cc3e8432c882c2ef","level":"info","message":"login"}
{"guid":"e7dd8a78f1593ff5","level":"info","message":"login"}
{"guid":"09d59947efb32c14","level":"info","message":"login"}
{"guid":"f3eb7347d8d8697b","level":"info","message":"login"}
{"guid":"ae4f7e565bef6d07","level":"info","message":"login"}
{"guid":"908b2bf397769b5d","level":"info","message":"login"}
{"guid":"3c68f03ac911f21b","level":"info","message":"login"}
{"guid":"529f67356015527d","level":"info","message":"login"}
{"guid":"56240f2486f3514d","level":"info","message":"login"}
{"guid":"06e1cc3221e53877","level":"info","message":"login"}
{"guid":"2685bfe686ef0491","level":"info","message":"login"}
{"guid":"4d871921e8a980ad","level":"info","message":"login"}
{"guid":"d94cf5cd62514d7c","level":"info","message":"login"}
{"guid":"bf7334b13fa2307a","level":"info","message":"login"}
{"guid":"10cfa1c532a6e06e","level":"info","message":"login"}
{"guid":"681300e46c7bd20d","level":"info","message":"login"}
{"guid":"f38618421e04b909","level":"info","message":"login"}
{"guid":"76718b89fb7f1107","level":"info","message":"login"}
{"guid":"9900496c6d6d9edd","level":"info","message":"login"}
{"guid":"f81f5c775833bb02","level":"info","message":"login"}
{"guid":"10f65c105ae9e752","level":"info","message":"login"}
{"guid":"10f65c105ae9e752","level":"info","message":"login"}
{"guid":"10f65c105ae9e752","level":"info","message":"login"}
{"guid":"10f65c105ae9e752","level":"info","message":"login"}
{"guid":"10f65c105ae9e752","level":"info","message":"login"}
{"guid":"2bc728d771a391b8","level":"info","message":"login"}
{"guid":"66cf6dbfe7021324","level":"info","message":"login"}
{"guid":"c7125dd563a7dc8b","level":"info","message":"login"}
{"guid":"a7a11e1644bdd2a0","level":"info","message":"login"}
{"guid":"ddb5904075199504","level":"info","message":"login"}
{"guid":"fd0d6316ca793c25","level":"info","message":"login"}
{"guid":"3c3d653941d20b46","level":"info","message":"login"}
{"guid":"48d1742169951f81","level":"info","message":"login"}
{"guid":"7cdeb39baccfcaab","level":"info","message":"login"}
{"guid":"affa0fefabee79f2","level":"info","message":"login"}
{"guid":"b94d7b52c7d19ca6","level":"info","message":"login"}
{"guid":"ef7e90236a349ba2","level":"info","message":"login"}
{"guid":"374332d92f82b8c1","level":"info","message":"login"}
{"guid":"e59501c485cc6378","level":"info","message":"login"}
{"guid":"d049240ec988ab7c","level":"info","message":"login"}
{"guid":"337a78d091654998","level":"info","message":"login"}
{"guid":"58d2dfa8b6da2226","level":"info","message":"login"}
{"guid":"0fa130d86680ed67","level":"info","message":"login"}
{"guid":"2617e9458d4f8443","level":"info","message":"login"}
{"guid":"ea4306cbb701f295","level":"info","message":"login"}
{"guid":"97cf90a79cc687b9","level":"info","message":"login"}
{"guid":"aef70115681ee8de","level":"info","message":"login"}
{"guid":"6f5010621a88e55d","level":"info","message":"login"}
{"guid":"bd964457f16e8763","level":"info","message":"login"}
{"guid":"6265418bd0b0f762","level":"info","message":"login"}
{"guid":"81cd68457cd167c2","level":"info","message":"login"}
{"guid":"af163537615a7ed9","level":"info","message":"login"}
{"guid":"315430d6eb56e6f2","level":"info","message":"login"}
{"guid":"20c10cb2427c777e","level":"info","message":"login"}
{"guid":"38d57e5e7cb19fb0","level":"info","message":"login"}
{"guid":"b243d4d9c58b91b4","level":"info","message":"login"}
{"guid":"2e82da64f7853ee8","level":"info","message":"login"}
{"guid":"304030900adf5ef4","level":"info","message":"login"}
{"guid":"8407df83b2e719e6","level":"info","message":"login"}
{"guid":"537df9c80892c58b","level":"info","message":"login"}
{"guid":"4ea12d4cc8351630","level":"info","message":"login"}
{"guid":"ca1cc99efb53e3c8","level":"info","message":"login"}
{"guid":"ec4bebeae6828dd2","level":"info","message":"login"}
{"guid":"5f759f81c45d0784","level":"info","message":"login"}
{"guid":"82b7e0012f2d5f43","level":"info","message":"login"}
{"guid":"4aea6658b8543413","level":"info","message":"login"}
{"guid":"1cb2776f907c70da","level":"info","message":"login"}
{"guid":"85cc180d74ad7301","level":"info","message":"login"}
{"guid":"61430d4c1c6be395","level":"info","message":"login"}
{"guid":"d10e3ff8268d6186","level":"info","message":"login"}
{"guid":"093afb97fa248929","level":"info","message":"login"}
{"guid":"0e7319e3f1c436ef","level":"info","message":"login"}
{"guid":"a00cb9151b0de5cf","level":"info","message":"login"}
{"guid":"c3ff42e514639e7e","level":"info","message":"login"}
{"guid":"d5070abed91ffa82","level":"info","message":"login"}
{"guid":"7a6b03532d98e805","level":"info","message":"login"}
{"guid":"d9c4f71cc6f1d972","level":"info","message":"login"}
{"guid":"ec1ba9fcf8effc9e","level":"info","message":"login"}
{"guid":"220f5108f4efbc06","level":"info","message":"login"}
{"guid":"d1c342d2d312482a","level":"info","message":"login"}
{"guid":"c4110ec5a2ebf1aa","level":"info","message":"login"}
{"guid":"226c9cd1cd4ea2e9","level":"info","message":"login"}
{"guid":"18bed89ba565791c","level":"info","message":"login"}
{"guid":"2d8eab1406e89ccb","level":"info","message":"login"}
{"guid":"2a75dd677776e63b","level":"info","message":"login"}
{"guid":"0a3409f7d698beb8","level":"info","message":"login"}
{"guid":"c5096ae5416c39a6","level":"info","message":"login"}
{"guid":"4af6a4f25e26933f","level":"info","message":"login"}
{"guid":"0a38409ef7721b37","level":"info","message":"login"}
{"guid":"5959ea0f7c0eb5e8","level":"info","message":"login"}
{"guid":"541b0e33c651a4ef","level":"info","message":"login"}
{"guid":"593d94452a654f75","level":"info","message":"login"}
{"guid":"19b144298d5f9ecf","level":"info","message":"login"}
{"guid":"19b144298d5f9ecf","level":"info","message":"login"}
{"guid":"dd6d5e3a90cb3c26","level":"info","message":"login"}
{"guid":"2569667469d1d61f","level":"info","message":"login"}
{"guid":"51ddc1dee0977e2b","level":"info","message":"login"}
{"guid":"653303bd1a987284","level":"info","message":"login"}
{"guid":"9230a1fcedcf05f6","level":"info","message":"login"}
{"guid":"8b1629eb5af4b3a4","level":"info","message":"login"}
{"guid":"490961c27ad6482d","level":"info","message":"login"}
{"guid":"34c340eac9783c75","level":"info","message":"login"}
{"guid":"d60bb318ac9645fc","level":"info","message":"login"}
{"guid":"94e99da1f989dceb","level":"info","message":"login"}
{"guid":"50993c96db3ae590","level":"info","message":"login"}
{"guid":"2730d4886f79f87e","level":"info","message":"login"}
{"guid":"b535f8a2505154fc","level":"info","message":"login"}
{"guid":"62dae69b040e6398","level":"info","message":"login"}
{"guid":"9df963ba76722c84","level":"info","message":"login"}
{"guid":"8558e97d713b8c14","level":"info","message":"login"}
{"guid":"c2d4a2c92919263f","level":"info","message":"login"}
{"guid":"6f673bb2ac61dbbd","level":"info","message":"login"}
{"guid":"0b7a0c9fa4759905","level":"info","message":"login"}
{"guid":"e3a8d341ed04820a","level":"info","message":"login"}
{"guid":"b03e78d141513c3a","level":"info","message":"login"}
{"guid":"ef0c6e7b08667dac","level":"info","message":"login"}
{"guid":"fc32054ef0de2936","level":"info","message":"login"}
{"guid":"ada020b97fbfb501","level":"info","message":"login"}
{"guid":"cd79f06d56d2f8b0","level":"info","message":"login"}
{"guid":"01fca28c038aee9a","level":"info","message":"login"}
{"guid":"507f048edeeb6d72","level":"info","message":"login"}
{"guid":"d7f7809a0ed38741","level":"info","message":"login"}
{"guid":"c8aa8578f2cb41cd","level":"info","message":"login"}
{"guid":"2956e695166f52ef","level":"info","message":"login"}
{"guid":"fd05aded35b1917a","level":"info","message":"login"}
{"guid":"0bd86740b3cd7b56","level":"info","message":"login"}
{"guid":"06af6746afda4e3e","level":"info","message":"login"}
{"guid":"c34af6be32ea9f86","level":"info","message":"login"}
{"guid":"8dc92c2c778f1d0a","level":"info","message":"login"}
{"guid":"ec7d9e106912267f","level":"info","message":"login"}
{"guid":"08d6bbb5195ad342","level":"info","message":"login"}
{"guid":"b38547f78bc79f43","level":"info","message":"login"}
{"guid":"2ddbd94d27493541","level":"info","message":"login"}
{"guid":"37121a4679536272","level":"info","message":"login"}
{"guid":"acfe9a60bc7e76c1","level":"info","message":"login"}
{"guid":"9ceccd8c9a85a041","level":"info","message":"login"}
{"guid":"e3f4458f8ea10fb2","level":"info","message":"login"}
{"guid":"0cb576bb16aceedd","level":"info","message":"login"}
{"guid":"9f9c33d6f8e39404","level":"info","message":"login"}
{"guid":"fcb303ca2f3f588c","level":"info","message":"login"}
{"guid":"1eaf43bb13cb56df","level":"info","message":"login"}
{"guid":"b8902b6e09cf99e9","level":"info","message":"login"}
{"guid":"a564393b373a526e","level":"info","message":"login"}
{"guid":"5d22ca356c67a940","level":"info","message":"login"}
{"guid":"ee19945aaa9f68ba","level":"info","message":"login"}
{"guid":"f195e4561203c33a","level":"info","message":"login"}
{"guid":"87a64c27aa097849","level":"info","message":"login"}
{"guid":"17870f2996a655e8","level":"info","message":"login"}
{"guid":"5d9b7881240c51c6","level":"info","message":"login"}
{"guid":"b57bca878c3d7bbe","level":"info","message":"login"}
{"guid":"0a928a2beba51c19","level":"info","message":"login"}
{"guid":"0a928a2beba51c19","level":"info","message":"login"}
{"guid":"0a928a2beba51c19","level":"info","message":"login"}
{"guid":"0a928a2beba51c19","level":"info","message":"login"}
{"error":{"errno":-5,"code":"EIO","syscall":"read"},"level":"error","message":"uncaughtException: read EIO\nError: read EIO","stack":"Error: read EIO","exception":true,"date":"Mon Nov 06 2023 18:01:19 GMT+0000 (Coordinated Universal Time)","process":{"pid":15,"uid":1000,"gid":1000,"cwd":"/home/runner/BonziWORLD-Classic","execPath":"/nix/store/ra8r42571xvv1m85wanh1ll9mxmp0mwl-nodejs-16.13.2/bin/node","version":"v16.13.2","argv":["/nix/store/ra8r42571xvv1m85wanh1ll9mxmp0mwl-nodejs-16.13.2/bin/node","/tmp/prybar-nodejs-241676653.js"],"memoryUsage":{"rss":67026944,"heapTotal":14610432,"heapUsed":12676296,"external":1526345,"arrayBuffers":106682}},"os":{"loadavg":[22.52,12.83,8.63],"uptime":3492.07},"trace":[]}
{"guid":"c1dc5b8a62eb2fc8","level":"info","message":"login"}
{"guid":"fc3ea785b7691032","level":"info","message":"login"}
{"guid":"90ccd0e74be6ea08","level":"info","message":"login"}
{"guid":"d4d887d7e1856721","level":"info","message":"login"}
{"guid":"9d4d4ef8b644c48d","level":"info","message":"login"}
{"guid":"99d303c8210635c8","level":"info","message":"login"}
{"guid":"99d303c8210635c8","level":"info","message":"login"}
{"guid":"dfdb0f4b68e04f2e","level":"info","message":"login"}
{"guid":"c270572a6e64b28f","level":"info","message":"login"}
{"guid":"b1b0836baae268c3","level":"info","message":"login"}
{"guid":"ec549901a215797d","level":"info","message":"login"}
{"guid":"a7d711d97074f7dc","level":"info","message":"login"}
{"guid":"414e1b70ff11ae73","level":"info","message":"login"}
{"guid":"f8dcb9ef7c5b5a85","level":"info","message":"login"}
{"guid":"76786ac6a26bdadb","level":"info","message":"login"}
{"guid":"3b3f3c8c2fb1528b","level":"info","message":"login"}
{"guid":"1e0e58b0623a9f71","level":"info","message":"login"}
{"guid":"1e6fc4aabc2af0fb","level":"info","message":"login"}
{"guid":"4d0697f6a2b2b3ca","level":"info","message":"login"}
{"guid":"42e5edf13dfbfc89","level":"info","message":"login"}
{"guid":"c57a0e3fc5841bc2","level":"info","message":"login"}
{"guid":"7819fc5e5a8251d6","level":"info","message":"login"}
{"guid":"3e2c629dee1827bb","level":"info","message":"login"}
{"guid":"52dd764e3214ca88","level":"info","message":"login"}
{"guid":"5ab0cc57ca794b13","level":"info","message":"login"}
{"error":{"errno":-5,"code":"EIO","syscall":"read"},"level":"error","message":"uncaughtException: read EIO\nError: read EIO","stack":"Error: read EIO","exception":true,"date":"Sun Dec 24 2023 13:18:01 GMT+0000 (Coordinated Universal Time)","process":{"pid":16,"uid":1000,"gid":1000,"cwd":"/home/runner/BonziWORLD","execPath":"/nix/store/ra8r42571xvv1m85wanh1ll9mxmp0mwl-nodejs-16.13.2/bin/node","version":"v16.13.2","argv":["/nix/store/ra8r42571xvv1m85wanh1ll9mxmp0mwl-nodejs-16.13.2/bin/node","/tmp/prybar-nodejs-365831124.js"],"memoryUsage":{"rss":86855680,"heapTotal":15659008,"heapUsed":14349952,"external":1615683,"arrayBuffers":196020}},"os":{"loadavg":[42.4,47.41,49.96],"uptime":49531.53},"trace":[]}
{"guid":"033025a2652e77e3","level":"info","message":"login"}
{"error":{"errno":-5,"code":"EIO","syscall":"read"},"level":"error","message":"uncaughtException: read EIO\nError: read EIO","stack":"Error: read EIO","exception":true,"date":"Sat Dec 30 2023 04:22:00 GMT+0000 (Coordinated Universal Time)","process":{"pid":16,"uid":1000,"gid":1000,"cwd":"/home/runner/BonziWORLD","execPath":"/nix/store/ra8r42571xvv1m85wanh1ll9mxmp0mwl-nodejs-16.13.2/bin/node","version":"v16.13.2","argv":["/nix/store/ra8r42571xvv1m85wanh1ll9mxmp0mwl-nodejs-16.13.2/bin/node","/tmp/prybar-nodejs-164005940.js"],"memoryUsage":{"rss":50003968,"heapTotal":16445440,"heapUsed":13816120,"external":5558937,"arrayBuffers":163866}},"os":{"loadavg":[62.03,41.32,33.91],"uptime":8070.77},"trace":[]}
{"error":{"errno":-5,"code":"EIO","syscall":"read"},"level":"error","message":"uncaughtException: read EIO\nError: read EIO","stack":"Error: read EIO","exception":true,"date":"Sat Dec 30 2023 08:49:34 GMT+0000 (Coordinated Universal Time)","process":{"pid":16,"uid":1000,"gid":1000,"cwd":"/home/runner/BonziWORLD","execPath":"/nix/store/ra8r42571xvv1m85wanh1ll9mxmp0mwl-nodejs-16.13.2/bin/node","version":"v16.13.2","argv":["/nix/store/ra8r42571xvv1m85wanh1ll9mxmp0mwl-nodejs-16.13.2/bin/node","/tmp/prybar-nodejs-436797105.js"],"memoryUsage":{"rss":73261056,"heapTotal":15921152,"heapUsed":14506648,"external":9058157,"arrayBuffers":4487339}},"os":{"loadavg":[17.24,6.36,4.89],"uptime":6306.3},"trace":[]}
{"guid":"c7648842a878e291","level":"info","message":"login"}
{"guid":"186c88d94884d68e","level":"info","message":"login"}
{"guid":"28273cae683598fb","level":"info","message":"login"}
{"guid":"171cc5653dcb0071","level":"info","message":"login"}
{"guid":"5fa794397e2aeb99","level":"info","message":"login"}
{"guid":"263ed90b36ac9210","level":"info","message":"login"}
{"guid":"6ad13e05e57c6da8","level":"info","message":"login"}
{"guid":"288b047372f3897f","level":"info","message":"login"}
{"guid":"c0d367d59320c72d","level":"info","message":"login"}
{"guid":"c0d7301944b583fc","level":"info","message":"login"}
{"guid":"45cbb20fefd1a20c","level":"info","message":"login"}
{"guid":"52a2a884436148c2","level":"info","message":"login"}
{"guid":"5caaa445d3c0fe17","level":"info","message":"login"}
{"guid":"3e4758a572e0dcae","level":"info","message":"login"}
{"guid":"5e990b1046c590c6","level":"info","message":"login"}
{"guid":"de2bc2b8a4c03556","level":"info","message":"login"}
{"guid":"5c302b95d2675804","level":"info","message":"login"}
{"guid":"c626150c313f6681","level":"info","message":"login"}
{"error":{"errno":-5,"code":"EIO","syscall":"read"},"level":"error","message":"uncaughtException: read EIO\nError: read EIO","stack":"Error: read EIO","exception":true,"date":"Sat Apr 13 2024 11:07:33 GMT+0000 (Coordinated Universal Time)","process":{"pid":142,"uid":1000,"gid":1000,"cwd":"/home/runner/KinitoWORLD","execPath":"/nix/store/ra8r42571xvv1m85wanh1ll9mxmp0mwl-nodejs-16.13.2/bin/node","version":"v16.13.2","argv":["/nix/store/ra8r42571xvv1m85wanh1ll9mxmp0mwl-nodejs-16.13.2/bin/node","/tmp/prybar-nodejs-1682796016.js"],"memoryUsage":{"rss":71368704,"heapTotal":19066880,"heapUsed":17456232,"external":3787092,"arrayBuffers":201569}},"os":{"loadavg":[10.35,8.03,8.07],"uptime":52619.9},"trace":[]}
{"guid":"5898bfa56e157b5c","level":"info","message":"login"}
{"guid":"30a16834dba7eeaf","level":"info","message":"login"}
{"guid":"756d13471a0af3c4","level":"info","message":"login"}
{"guid":"ab4115a926a1d254","level":"info","message":"login"}
{"guid":"7718bc80a3a9c42b","level":"info","message":"login"}
{"guid":"4a4c2bff5c75a9a7","level":"info","message":"login"}
{"guid":"7146140cf0a5e5a2","level":"info","message":"login"}
{"guid":"f2e628742cb4a336","level":"info","message":"login"}
{"guid":"f784854583846aec","level":"info","message":"login"}
{"guid":"3269994123cf97ee","level":"info","message":"login"}
{"guid":"3d33f9bb795f7854","level":"info","message":"login"}
{"guid":"a588418d21d49f52","level":"info","message":"login"}
{"guid":"ac3778d3b7ad47bd","level":"info","message":"login"}
{"guid":"1889bbe92af72808","level":"info","message":"login"}
{"guid":"8d4b160be03dd86f","level":"info","message":"login"}
{"guid":"5ce38aac6800bb51","level":"info","message":"login"}
{"guid":"84e1d485dade1b15","level":"info","message":"login"}
{"guid":"91e8956ac74d72b2","level":"info","message":"login"}
{"guid":"0d4978242812c763","level":"info","message":"login"}
{"guid":"ad688a9a4140369f","level":"info","message":"login"}
{"guid":"edd50a679bb619a4","level":"info","message":"login"}
{"guid":"6743b16eea8f79db","level":"info","message":"login"}
{"guid":"55dd7ad58b2d72ff","level":"info","message":"login"}
{"guid":"34cfa391faff06cf","level":"info","message":"login"}
{"guid":"d5aa3654f8268bb7","level":"info","message":"login"}
{"guid":"ae3c39b4ed3a7df2","level":"info","message":"login"}
{"guid":"a3342b29f81b1ace","level":"info","message":"login"}
{"guid":"ad37cad99f8bb5de","level":"info","message":"login"}
{"guid":"c4c02d85058baf29","level":"info","message":"login"}
{"guid":"124fdff79191c36a","level":"info","message":"login"}
{"guid":"7a18f276a0d769df","level":"info","message":"login"}
{"guid":"7b35074dfb84935e","level":"info","message":"login"}
{"guid":"a2e6125eac657c02","level":"info","message":"login"}
{"guid":"b7bd987d51ff219e","level":"info","message":"login"}
{"guid":"48b92d7d661154fe","level":"info","message":"login"}
{"guid":"40ed8bf2a3ae31d2","level":"info","message":"login"}
{"guid":"efa737bce07e263c","level":"info","message":"login"}
{"guid":"efa737bce07e263c","level":"info","message":"login"}
{"guid":"efa737bce07e263c","level":"info","message":"login"}
{"guid":"23294628d90fd6b2","level":"info","message":"login"}
{"guid":"09db61d5142eff1f","level":"info","message":"login"}
{"guid":"baa9f89c6707fbd5","level":"info","message":"login"}
{"guid":"234a4242c38a2bc2","level":"info","message":"login"}
{"guid":"234a4242c38a2bc2","level":"info","message":"login"}
{"guid":"86bdb12a3f3b439a","level":"info","message":"login"}
{"guid":"dfea35373e78a1ea","level":"info","message":"login"}
{"guid":"b34d4d21c6b6aadd","level":"info","message":"login"}
{"guid":"7a80234d815c0966","level":"info","message":"login"}
{"guid":"6c2fcc53cf661206","level":"info","message":"login"}
{"guid":"b2562c66d90b7300","level":"info","message":"login"}
{"guid":"5f784d2082cacb88","level":"info","message":"login"}
{"guid":"fa567704fa27ec9f","level":"info","message":"login"}
{"guid":"3233e146355d1275","level":"info","message":"login"}
{"guid":"ddcacc56dcbe02b7","level":"info","message":"login"}
{"guid":"915c791c67b8be77","level":"info","message":"login"}
{"guid":"17223160b2d81527","level":"info","message":"login"}
{"guid":"480683ba20ccd3bc","level":"info","message":"login"}
{"guid":"6a7197ad23453772","level":"info","message":"login"}
{"guid":"67d3a1f8f58fb633","level":"info","message":"login"}
{"guid":"1f0c6ef2d71adc0d","level":"info","message":"login"}
{"guid":"2c9359c62dbb1f1a","level":"info","message":"login"}
{"guid":"14701428351493c0","level":"info","message":"login"}
{"guid":"96ca979bcba03506","level":"info","message":"login"}
{"guid":"86e91c2c3be415c7","level":"info","message":"login"}
{"error":{"errno":-5,"code":"EIO","syscall":"read"},"level":"error","message":"uncaughtException: read EIO\nError: read EIO","stack":"Error: read EIO","exception":true,"date":"Thu Apr 18 2024 16:56:11 GMT+0000 (Coordinated Universal Time)","process":{"pid":702,"uid":1000,"gid":1000,"cwd":"/home/runner/KinitoWORLD","execPath":"/nix/store/ra8r42571xvv1m85wanh1ll9mxmp0mwl-nodejs-16.13.2/bin/node","version":"v16.13.2","argv":["/nix/store/ra8r42571xvv1m85wanh1ll9mxmp0mwl-nodejs-16.13.2/bin/node","/tmp/prybar-nodejs-2938865257.js"],"memoryUsage":{"rss":82649088,"heapTotal":18018304,"heapUsed":16201856,"external":1813919,"arrayBuffers":184806}},"os":{"loadavg":[8.78,12.82,14.57],"uptime":30819.87},"trace":[]}
{"guid":"c267e7459ee9f5a0","level":"info","message":"login"}
{"guid":"fc7a97738580137e","level":"info","message":"login"}
{"guid":"0c6815a9b3b8a503","level":"info","message":"login"}
{"guid":"a83510150f65dcc9","level":"info","message":"login"}
{"guid":"68544bd9985b2d38","level":"info","message":"login"}
{"guid":"a426354646028aa4","level":"info","message":"login"}
{"guid":"e8aad5e0c514a201","level":"info","message":"login"}
{"guid":"0e9ac888d840ff70","level":"info","message":"login"}
{"guid":"3c7b26c4c8487a8c","level":"info","message":"login"}
{"guid":"4948f58ab19f9a07","level":"info","message":"login"}
{"error":{"errno":-5,"code":"EIO","syscall":"read"},"level":"error","message":"uncaughtException: read EIO\nError: read EIO","stack":"Error: read EIO","exception":true,"date":"Thu Apr 18 2024 20:06:45 GMT+0000 (Coordinated Universal Time)","process":{"pid":2131,"uid":1000,"gid":1000,"cwd":"/home/runner/KinitoWORLD","execPath":"/nix/store/ra8r42571xvv1m85wanh1ll9mxmp0mwl-nodejs-16.13.2/bin/node","version":"v16.13.2","argv":["/nix/store/ra8r42571xvv1m85wanh1ll9mxmp0mwl-nodejs-16.13.2/bin/node","/tmp/prybar-nodejs-2882193197.js"],"memoryUsage":{"rss":71331840,"heapTotal":16445440,"heapUsed":14438848,"external":1608124,"arrayBuffers":152171}},"os":{"loadavg":[16.67,15.18,14.73],"uptime":4980.64},"trace":[]}
{"guid":"02455c5010c94782","level":"info","message":"login"}
{"guid":"b3ff3d54ffffe59d","level":"info","message":"login"}
{"guid":"b44fbc39e4481ef9","level":"info","message":"login"}
{"guid":"11df17222f5efadc","level":"info","message":"login"}
{"guid":"dc4410098feb87fe","level":"info","message":"login"}
{"guid":"4c57c1675d3a99f0","level":"info","message":"login"}
{"guid":"d67e1e123940c4fe","level":"info","message":"login"}
{"guid":"6249754d1915b6ea","level":"info","message":"login"}
{"guid":"62dab4368f034982","level":"info","message":"login"}
{"guid":"c6daba9b772808a7","level":"info","message":"login"}
{"error":{"errno":-5,"code":"EIO","syscall":"read"},"level":"error","message":"uncaughtException: read EIO\nError: read EIO","stack":"Error: read EIO","exception":true,"date":"Fri Apr 19 2024 19:54:15 GMT+0000 (Coordinated Universal Time)","process":{"pid":3693,"uid":1000,"gid":1000,"cwd":"/home/runner/KinitoWORLD","execPath":"/nix/store/ra8r42571xvv1m85wanh1ll9mxmp0mwl-nodejs-16.13.2/bin/node","version":"v16.13.2","argv":["/nix/store/ra8r42571xvv1m85wanh1ll9mxmp0mwl-nodejs-16.13.2/bin/node","/tmp/prybar-nodejs-2645028908.js"],"memoryUsage":{"rss":71622656,"heapTotal":17231872,"heapUsed":15190576,"external":2085525,"arrayBuffers":206450}},"os":{"loadavg":[6.72,9.16,10.33],"uptime":24704.89},"trace":[]}
{"error":{"errno":-5,"code":"EIO","syscall":"read"},"level":"error","message":"uncaughtException: read EIO\nError: read EIO","stack":"Error: read EIO","exception":true,"date":"Fri Apr 19 2024 19:54:15 GMT+0000 (Coordinated Universal Time)","process":{"pid":3693,"uid":1000,"gid":1000,"cwd":"/home/runner/KinitoWORLD","execPath":"/nix/store/ra8r42571xvv1m85wanh1ll9mxmp0mwl-nodejs-16.13.2/bin/node","version":"v16.13.2","argv":["/nix/store/ra8r42571xvv1m85wanh1ll9mxmp0mwl-nodejs-16.13.2/bin/node","/tmp/prybar-nodejs-2645028908.js"],"memoryUsage":{"rss":71622656,"heapTotal":17231872,"heapUsed":15214312,"external":2085589,"arrayBuffers":206474}},"os":{"loadavg":[6.72,9.16,10.33],"uptime":24704.89},"trace":[]}
{"guid":"cec8d82f43b7281a","level":"info","message":"login"}
{"guid":"2c87c025424cb9b8","level":"info","message":"login"}
{"guid":"f9c2d337cdcffb85","level":"info","message":"login"}
{"guid":"c61ee0f6c39ef21c","level":"info","message":"login"}
{"guid":"e7b2ac6a7a3b5570","level":"info","message":"login"}
{"guid":"7bf8a632bf2e1296","level":"info","message":"login"}
{"guid":"7cbfcbf455248d91","level":"info","message":"login"}
{"guid":"7f025bf7de1d52b5","level":"info","message":"login"}
{"guid":"8b272227c50e8f2f","level":"info","message":"login"}
{"guid":"6c52e0cb5a5b176a","level":"info","message":"login"}
{"guid":"a750cb080edba90e","level":"info","message":"login"}
{"guid":"7a2083bc025d2124","level":"info","message":"login"}
{"guid":"4e6180dd08a4363c","level":"info","message":"login"}
{"error":{"errno":-5,"code":"EIO","syscall":"read"},"level":"error","message":"uncaughtException: read EIO\nError: read EIO","stack":"Error: read EIO","exception":true,"date":"Sat Apr 20 2024 11:26:58 GMT+0000 (Coordinated Universal Time)","process":{"pid":219,"uid":1000,"gid":1000,"cwd":"/home/runner/KinitoWORLD","execPath":"/nix/store/ra8r42571xvv1m85wanh1ll9mxmp0mwl-nodejs-16.13.2/bin/node","version":"v16.13.2","argv":["/nix/store/ra8r42571xvv1m85wanh1ll9mxmp0mwl-nodejs-16.13.2/bin/node","/tmp/prybar-nodejs-3425297191.js"],"memoryUsage":{"rss":76185600,"heapTotal":16969728,"heapUsed":16105728,"external":8747039,"arrayBuffers":4828470}},"os":{"loadavg":[10.59,10.89,10.75],"uptime":33604.78},"trace":[]}
{"error":{"errno":-5,"code":"EIO","syscall":"read"},"level":"error","message":"uncaughtException: read EIO\nError: read EIO","stack":"Error: read EIO","exception":true,"date":"Sat Apr 20 2024 11:26:58 GMT+0000 (Coordinated Universal Time)","process":{"pid":219,"uid":1000,"gid":1000,"cwd":"/home/runner/KinitoWORLD","execPath":"/nix/store/ra8r42571xvv1m85wanh1ll9mxmp0mwl-nodejs-16.13.2/bin/node","version":"v16.13.2","argv":["/nix/store/ra8r42571xvv1m85wanh1ll9mxmp0mwl-nodejs-16.13.2/bin/node","/tmp/prybar-nodejs-3425297191.js"],"memoryUsage":{"rss":76185600,"heapTotal":16969728,"heapUsed":16129448,"external":8747103,"arrayBuffers":4828494}},"os":{"loadavg":[10.59,10.89,10.75],"uptime":33604.78},"trace":[]}
{"guid":"ea667b1a7df71a1c","level":"info","message":"login"}
{"guid":"7b70eff4e8583e38","level":"info","message":"login"}
{"guid":"11c4d1fae582d1bd","level":"info","message":"login"}
{"guid":"f1b09401670ace15","level":"info","message":"login"}
{"guid":"82eabc7957bf0f90","level":"info","message":"login"}
{"guid":"e1bc783d07073f3f","level":"info","message":"login"}
{"guid":"e973ff292ca29525","level":"info","message":"login"}
{"guid":"ff92365b3880c0de","level":"info","message":"login"}
{"guid":"ad00a9fc2a02a250","level":"info","message":"login"}
{"guid":"64dd7096b33661e5","level":"info","message":"login"}
{"guid":"7af33e03dcf18ceb","level":"info","message":"login"}
{"guid":"42c7735e905cbaf6","level":"info","message":"login"}
{"guid":"d1bb584611c69bca","level":"info","message":"login"}
{"guid":"bbcea46446fc6f51","level":"info","message":"login"}
{"guid":"dfaeff1866915134","level":"info","message":"login"}
{"guid":"b1e1affe474df452","level":"info","message":"login"}
{"guid":"3a135fa9b5cd933a","level":"info","message":"login"}
{"guid":"8bb97b1b9ad36626","level":"info","message":"login"}
{"error":{"errno":-5,"code":"EIO","syscall":"read"},"level":"error","message":"uncaughtException: read EIO\nError: read EIO","stack":"Error: read EIO","exception":true,"date":"Sat Apr 20 2024 13:25:59 GMT+0000 (Coordinated Universal Time)","process":{"pid":746,"uid":1000,"gid":1000,"cwd":"/home/runner/KinitoWORLD","execPath":"/nix/store/ra8r42571xvv1m85wanh1ll9mxmp0mwl-nodejs-16.13.2/bin/node","version":"v16.13.2","argv":["/nix/store/ra8r42571xvv1m85wanh1ll9mxmp0mwl-nodejs-16.13.2/bin/node","/tmp/prybar-nodejs-4230423433.js"],"memoryUsage":{"rss":72151040,"heapTotal":16969728,"heapUsed":14990736,"external":1658913,"arrayBuffers":201415}},"os":{"loadavg":[10.05,10.57,10.43],"uptime":5068.27},"trace":[]}
{"guid":"46c55e061142021f","level":"info","message":"login"}
{"guid":"c4338908a7e3e74a","level":"info","message":"login"}
{"guid":"78952c2baab7747b","level":"info","message":"login"}
{"guid":"a8594c5ac5c32faf","level":"info","message":"login"}
{"guid":"e838c3e133a61009","level":"info","message":"login"}
{"guid":"ac0c993063a538d8","level":"info","message":"login"}
{"guid":"6825a109eea17362","level":"info","message":"login"}
{"guid":"e5412505d2111681","level":"info","message":"login"}
{"guid":"7838bc0753afbb92","level":"info","message":"login"}
{"guid":"3e895dea29c2cb9d","level":"info","message":"login"}
{"guid":"fdccde610207165c","level":"info","message":"login"}
{"guid":"18375c6ac5318186","level":"info","message":"login"}
{"guid":"16f57f59aaf665cd","level":"info","message":"login"}
{"guid":"c1b198936090cdc7","level":"info","message":"login"}
{"guid":"8e0a2d9bc4199b68","level":"info","message":"login"}
{"guid":"d5322e3af573b96d","level":"info","message":"login"}
{"guid":"b855c75f176d3f23","level":"info","message":"login"}
{"guid":"1db7ca4ef0effb9c","level":"info","message":"login"}
{"guid":"cdda72458e507000","level":"info","message":"login"}
{"guid":"d7f2ebf3267117fc","level":"info","message":"login"}
{"guid":"ab400a9ed40dd2a4","level":"info","message":"login"}
{"guid":"23a08bdf7f36cba5","level":"info","message":"login"}
{"guid":"28eb5b218f8974a9","level":"info","message":"login"}
{"guid":"afb2a396e6effd45","level":"info","message":"login"}
{"guid":"78cd746e5f415b65","level":"info","message":"login"}
{"guid":"f5a18d07b2c519d2","level":"info","message":"login"}
{"guid":"7411549fc59df92a","level":"info","message":"login"}
{"guid":"20d0f48d99b54703","level":"info","message":"login"}
{"guid":"3f068543e2d9e703","level":"info","message":"login"}
{"guid":"730c5790a2098164","level":"info","message":"login"}
{"guid":"39fe47201e585ad0","level":"info","message":"login"}
{"guid":"994b65b5c1f302f7","level":"info","message":"login"}
{"guid":"e0d12c56413a803a","level":"info","message":"login"}
{"guid":"c24696c209488b29","level":"info","message":"login"}
{"guid":"0bca82ecc14795f1","level":"info","message":"login"}
{"guid":"2eeab806e8915d3e","level":"info","message":"login"}
{"guid":"70509998e491673f","level":"info","message":"login"}
{"guid":"5714f5eba2bfd291","level":"info","message":"login"}
{"guid":"9210f6b1994ffd36","level":"info","message":"login"}
{"guid":"be7e565b7d471847","level":"info","message":"login"}
{"guid":"4ff501f27a8f43ee","level":"info","message":"login"}
{"guid":"6a97c736db9f69bb","level":"info","message":"login"}
{"guid":"034397dba5f90012","level":"info","message":"login"}
{"guid":"fae1a43b05353638","level":"info","message":"login"}
{"guid":"e74790113b4346dc","level":"info","message":"login"}
{"guid":"96d32e7195e16762","level":"info","message":"login"}
